<?xml version="1.0" encoding="UTF-8"?>
<!-- Generated by org.testng.reporters.JUnitReportReporter -->
<testsuite skipped="0" hostname="DESKTOP-UJFK23I" name="search.TestCase" tests="1" failures="0" timestamp="2022-10-26T09:18:59 IST" time="0.008" errors="0">
  <testcase name="testcase" time="0.008" classname="search.TestCase"/>
  <system-out/>
</testsuite> <!-- search.TestCase -->
