<?xml version="1.0" encoding="UTF-8"?>
<!-- Generated by org.testng.reporters.JUnitReportReporter -->
<testsuite skipped="0" hostname="DESKTOP-UJFK23I" name="search.LoginApp" tests="1" failures="0" timestamp="2022-08-09T17:37:57 IST" time="14.412" errors="0">
  <testcase name="verifyLoginApp" time="14.412" classname="search.LoginApp"/>
  <system-out/>
</testsuite> <!-- search.LoginApp -->
