<?xml version="1.0" encoding="UTF-8"?>
<!-- Generated by org.testng.reporters.JUnitReportReporter -->
<testsuite skipped="0" hostname="DESKTOP-UJFK23I" name="search.TestCaseSearch" tests="1" failures="0" timestamp="2022-08-09T17:37:57 IST" time="3.343" errors="0">
  <testcase name="verifySearch" time="3.343" classname="search.TestCaseSearch"/>
  <system-out/>
</testsuite> <!-- search.TestCaseSearch -->
